[
  {
    "line": 2,
    "elements": [
      {
        "BDD_TESTRUN_UUID": "983a23bc-8b53-46f4-b2d9-9135d8fbc23f",
        "line": 29,
        "name": "Register with empty firstname",
        "description": "",
        "id": "register-feature;register-with-empty-firstname;;2",
        "type": "scenario",
        "keyword": "Scenario Outline",
        "steps": [
          {
            "result": {
              "duration": 26214062583,
              "status": "passed"
            },
            "line": 20,
            "name": "I navigate to YellowFit application",
            "match": {
              "location": "Common.I_navigate_to_YellowFit_application()"
            },
            "keyword": "Given ",
            "BDD_STEP_UUID": "ea1aa01f-3663-4878-a59f-b718761a74af"
          },
          {
            "result": {
              "duration": 5944582708,
              "status": "passed"
            },
            "line": 21,
            "name": "I click Account button",
            "match": {
              "location": "login.I_click_Account_button()"
            },
            "keyword": "When ",
            "BDD_STEP_UUID": "678d5b7e-679e-4c61-aa97-0dc5dca0cda2"
          },
          {
            "result": {
              "duration": 6224827292,
              "status": "passed"
            },
            "line": 22,
            "name": "I click Create Account button",
            "match": {
              "location": "Register.I_click_create_account_button()"
            },
            "keyword": "And ",
            "BDD_STEP_UUID": "6c52591c-35d4-41ce-bb8a-a92b6afec80b"
          },
          {
            "result": {
              "duration": 36608736084,
              "status": "passed"
            },
            "line": 23,
            "name": "I input firstname , lastname Grace, date 10, month 10, year 2000, phone 08112233440011, email delf_test2@gmail.com, and password HwXnxaZD17M\u003d",
            "match": {
              "arguments": [
                {
                  "val": "",
                  "offset": 18
                },
                {
                  "val": "Grace",
                  "offset": 29
                },
                {
                  "val": "10",
                  "offset": 41
                },
                {
                  "val": "10",
                  "offset": 51
                },
                {
                  "val": "2000",
                  "offset": 60
                },
                {
                  "val": "08112233440011",
                  "offset": 72
                },
                {
                  "val": "delf_test2@gmail.com",
                  "offset": 94
                },
                {
                  "val": " HwXnxaZD17M\u003d",
                  "offset": 128
                }
              ],
              "location": "Register.I_verify_the_status_in_step(String,String,String,String,String,String,String,String)"
            },
            "keyword": "And ",
            "BDD_STEP_UUID": "c3af5220-965e-4df8-a91a-4748ccd261eb"
          },
          {
            "result": {
              "duration": 2381174000,
              "status": "passed"
            },
            "line": 24,
            "name": "I click Register button",
            "match": {
              "location": "Register.I_click_register_button()"
            },
            "keyword": "And ",
            "BDD_STEP_UUID": "1ee14f3e-2445-45a5-bf70-b6b69a09977b"
          },
          {
            "result": {
              "error_message": "com.kms.katalon.core.exception.StepFailedException: Call Test Case \u0027Test Cases/Common/Register - Verify error empty firstname\u0027 failed\n\tat com.kms.katalon.core.keyword.builtin.CallTestCaseKeyword$_callTestCase_closure1.doCall(CallTestCaseKeyword.groovy:63)\n\tat com.kms.katalon.core.keyword.builtin.CallTestCaseKeyword$_callTestCase_closure1.call(CallTestCaseKeyword.groovy)\n\tat com.kms.katalon.core.keyword.internal.KeywordMain.runKeyword(KeywordMain.groovy:74)\n\tat com.kms.katalon.core.keyword.builtin.CallTestCaseKeyword.callTestCase(CallTestCaseKeyword.groovy:81)\n\tat com.kms.katalon.core.keyword.builtin.CallTestCaseKeyword.execute(CallTestCaseKeyword.groovy:44)\n\tat com.kms.katalon.core.keyword.internal.KeywordExecutor.executeKeywordForPlatform(KeywordExecutor.groovy:74)\n\tat com.kms.katalon.core.keyword.BuiltinKeywords.callTestCase(BuiltinKeywords.groovy:334)\n\tat Register.Error_First_Name_tidak_boleh_kosong(Register.groovy:72)\n\tat âœ½.I should see error \u0027First Name tidak boleh kosong!\u0027(/Users/meitridelfiza/git/yellowfit-web-automation/Include/features/Register.feature:25)\nCaused by: com.kms.katalon.core.exception.StepFailedException: Unable to verify text \u0027Failed\u0027 is present \n\tat com.kms.katalon.core.webui.keyword.internal.WebUIKeywordMain.stepFailed(WebUIKeywordMain.groovy:64)\n\tat com.kms.katalon.core.webui.keyword.internal.WebUIKeywordMain.runKeyword(WebUIKeywordMain.groovy:26)\n\tat com.kms.katalon.core.webui.keyword.builtin.VerifyTextPresentKeyword.verifyTextPresent(VerifyTextPresentKeyword.groovy:83)\n\tat com.kms.katalon.core.webui.keyword.builtin.VerifyTextPresentKeyword.execute(VerifyTextPresentKeyword.groovy:68)\n\tat com.kms.katalon.core.keyword.internal.KeywordExecutor.executeKeywordForPlatform(KeywordExecutor.groovy:74)\n\tat com.kms.katalon.core.webui.keyword.WebUiBuiltInKeywords.verifyTextPresent(WebUiBuiltInKeywords.groovy:1723)\n\tat com.kms.katalon.core.webui.keyword.WebUiBuiltInKeywords$verifyTextPresent$9.call(Unknown Source)\n\tat customKeyword.verifyErrorMessage(customKeyword.groovy:44)\n\tat customKeyword.invokeMethod(customKeyword.groovy)\n\tat com.kms.katalon.core.main.CustomKeywordDelegatingMetaClass.invokeStaticMethod(CustomKeywordDelegatingMetaClass.java:50)\n\tat Register - Verify error empty firstname.run(Register - Verify error empty firstname:20)\n\tat com.kms.katalon.core.main.ScriptEngine.run(ScriptEngine.java:194)\n\tat com.kms.katalon.core.main.ScriptEngine.runScriptAsRawText(ScriptEngine.java:119)\n\tat com.kms.katalon.core.main.TestCaseExecutor.runScript(TestCaseExecutor.java:442)\n\tat com.kms.katalon.core.main.TestCaseExecutor.doExecute(TestCaseExecutor.java:433)\n\tat com.kms.katalon.core.main.TestCaseExecutor.processExecutionPhase(TestCaseExecutor.java:412)\n\tat com.kms.katalon.core.main.TestCaseExecutor.accessMainPhase(TestCaseExecutor.java:404)\n\tat com.kms.katalon.core.main.TestCaseExecutor.execute(TestCaseExecutor.java:281)\n\tat com.kms.katalon.core.main.TestCaseMain.runTestCase(TestCaseMain.java:142)\n\tat com.kms.katalon.core.keyword.builtin.CallTestCaseKeyword$_callTestCase_closure1.doCall(CallTestCaseKeyword.groovy:59)\n\tat com.kms.katalon.core.keyword.builtin.CallTestCaseKeyword$_callTestCase_closure1.call(CallTestCaseKeyword.groovy)\n\tat com.kms.katalon.core.keyword.internal.KeywordMain.runKeyword(KeywordMain.groovy:74)\n\tat com.kms.katalon.core.keyword.builtin.CallTestCaseKeyword.callTestCase(CallTestCaseKeyword.groovy:81)\n\tat com.kms.katalon.core.keyword.builtin.CallTestCaseKeyword.execute(CallTestCaseKeyword.groovy:44)\n\tat com.kms.katalon.core.keyword.internal.KeywordExecutor.executeKeywordForPlatform(KeywordExecutor.groovy:74)\n\tat com.kms.katalon.core.keyword.BuiltinKeywords.callTestCase(BuiltinKeywords.groovy:334)\n\tat Register.Error_First_Name_tidak_boleh_kosong(Register.groovy:72)\n\tat cucumber.runtime.Utils$1.call(Utils.java:26)\n\tat cucumber.runtime.Timeout.timeout(Timeout.java:16)\n\tat cucumber.runtime.Utils.invoke(Utils.java:20)\n\tat cucumber.runtime.java.JavaStepDefinition.execute(JavaStepDefinition.java:48)\n\tat cucumber.runtime.PickleStepDefinitionMatch.runStep(PickleStepDefinitionMatch.java:50)\n\tat cucumber.runner.TestStep.executeStep(TestStep.java:65)\n\tat cucumber.runner.TestStep.run(TestStep.java:47)\n\tat cucumber.runner.PickleStepTestStep.run(PickleStepTestStep.java:53)\n\tat cucumber.runner.TestCase.run(TestCase.java:47)\n\tat cucumber.runner.Runner.runPickle(Runner.java:44)\n\tat cucumber.runtime.Runtime.runFeature(Runtime.java:120)\n\tat cucumber.runtime.Runtime.run(Runtime.java:106)\n\tat cucumber.api.cli.Main.run(Main.java:35)\n\tat cucumber.api.cli.Main$run.call(Unknown Source)\n\tat com.kms.katalon.core.cucumber.keyword.CucumberBuiltinKeywords$_runFeatureFileWithTags_closure2.doCall(CucumberBuiltinKeywords.groovy:204)\n\tat com.kms.katalon.core.cucumber.keyword.CucumberBuiltinKeywords$_runFeatureFileWithTags_closure2.doCall(CucumberBuiltinKeywords.groovy)\n\tat com.kms.katalon.core.keyword.internal.KeywordMain.runKeyword(KeywordMain.groovy:74)\n\tat com.kms.katalon.core.keyword.internal.KeywordMain.runKeyword(KeywordMain.groovy:68)\n\tat com.kms.katalon.core.keyword.internal.KeywordMain$runKeyword.call(Unknown Source)\n\tat com.kms.katalon.core.cucumber.keyword.CucumberBuiltinKeywords.runFeatureFileWithTags(CucumberBuiltinKeywords.groovy:164)\n\tat com.kms.katalon.core.cucumber.keyword.CucumberBuiltinKeywords$runFeatureFileWithTags.callStatic(Unknown Source)\n\tat com.kms.katalon.core.cucumber.keyword.CucumberBuiltinKeywords.runFeatureFileWithTags(CucumberBuiltinKeywords.groovy:287)\n\tat Neg - Register with empty firstname.run(Neg - Register with empty firstname:3)\n\tat com.kms.katalon.core.main.ScriptEngine.run(ScriptEngine.java:194)\n\tat com.kms.katalon.core.main.ScriptEngine.runScriptAsRawText(ScriptEngine.java:119)\n\tat com.kms.katalon.core.main.TestCaseExecutor.runScript(TestCaseExecutor.java:442)\n\tat com.kms.katalon.core.main.TestCaseExecutor.doExecute(TestCaseExecutor.java:433)\n\tat com.kms.katalon.core.main.TestCaseExecutor.processExecutionPhase(TestCaseExecutor.java:412)\n\tat com.kms.katalon.core.main.TestCaseExecutor.accessMainPhase(TestCaseExecutor.java:404)\n\tat com.kms.katalon.core.main.TestCaseExecutor.execute(TestCaseExecutor.java:281)\n\tat com.kms.katalon.core.main.TestSuiteExecutor.accessTestCaseMainPhase(TestSuiteExecutor.java:202)\n\tat com.kms.katalon.core.main.TestSuiteExecutor.accessTestSuiteMainPhase(TestSuiteExecutor.java:164)\n\tat com.kms.katalon.core.main.TestSuiteExecutor.execute(TestSuiteExecutor.java:105)\n\tat com.kms.katalon.core.main.TestCaseMain.startTestSuite(TestCaseMain.java:185)\n\tat com.kms.katalon.core.main.TestCaseMain$startTestSuite$0.call(Unknown Source)\n\tat TempTestSuite1653444836160.run(TempTestSuite1653444836160.groovy:36)\nCaused by: com.kms.katalon.core.exception.StepFailedException: Text \u0027Failed\u0027 is not present on page \n\tat com.kms.katalon.core.webui.keyword.internal.WebUIKeywordMain.stepFailed(WebUIKeywordMain.groovy:64)\n\tat com.kms.katalon.core.webui.keyword.builtin.VerifyTextPresentKeyword$_verifyTextPresent_closure1.doCall(VerifyTextPresentKeyword.groovy:79)\n\tat com.kms.katalon.core.webui.keyword.builtin.VerifyTextPresentKeyword$_verifyTextPresent_closure1.call(VerifyTextPresentKeyword.groovy)\n\tat com.kms.katalon.core.webui.keyword.internal.WebUIKeywordMain.runKeyword(WebUIKeywordMain.groovy:20)\n\t... 61 more\n",
              "duration": 6826616167,
              "status": "failed"
            },
            "line": 25,
            "name": "I should see error \u0027First Name tidak boleh kosong!\u0027",
            "match": {
              "location": "Register.Error_First_Name_tidak_boleh_kosong()"
            },
            "keyword": "Then ",
            "BDD_STEP_UUID": "d5e61701-b090-4ae6-b5ca-47afa1931137"
          }
        ],
        "tags": [
          {
            "name": "@Register"
          },
          {
            "name": "@Empty_firstname"
          }
        ]
      }
    ],
    "name": "Register feature",
    "description": "  I want to register to YellowFit application",
    "id": "register-feature",
    "keyword": "Feature",
    "uri": "/Users/meitridelfiza/git/yellowfit-web-automation/Include/features/Register.feature",
    "tags": [
      {
        "name": "@Register",
        "type": "Tag",
        "location": {
          "line": 1,
          "column": 1
        }
      }
    ]
  }
]