[
  {
    "line": 2,
    "elements": [
      {
        "BDD_TESTRUN_UUID": "3c0fde81-729e-468a-8ade-5e5a282ab7e5",
        "line": 81,
        "name": "Register with invalid email format",
        "description": "",
        "id": "register-feature;register-with-invalid-email-format;;2",
        "type": "scenario",
        "keyword": "Scenario Outline",
        "steps": [
          {
            "result": {
              "duration": 14351196584,
              "status": "passed"
            },
            "line": 72,
            "name": "I navigate to YellowFit application",
            "match": {
              "location": "Common.I_navigate_to_YellowFit_application()"
            },
            "keyword": "Given ",
            "BDD_STEP_UUID": "2cb8a6a8-0189-459b-917e-4d8a7c73c892"
          },
          {
            "result": {
              "duration": 4633403916,
              "status": "passed"
            },
            "line": 73,
            "name": "I click Account button",
            "match": {
              "location": "login.I_click_Account_button()"
            },
            "keyword": "When ",
            "BDD_STEP_UUID": "524e0082-64e4-441c-a980-22c4f5fafe56"
          },
          {
            "result": {
              "duration": 3639572000,
              "status": "passed"
            },
            "line": 74,
            "name": "I click Create Account button",
            "match": {
              "location": "Register.I_click_create_account_button()"
            },
            "keyword": "And ",
            "BDD_STEP_UUID": "538ab65f-6654-4f4a-9636-9b591beed72d"
          },
          {
            "result": {
              "duration": 36760353000,
              "status": "passed"
            },
            "line": 75,
            "name": "I input firstname Hazel5, lastname Grace5, date 10, month 10, year 2000, phone 08112233440011, email ab12, and password HwXnxaZD17M\u003d",
            "match": {
              "arguments": [
                {
                  "val": "Hazel5",
                  "offset": 18
                },
                {
                  "val": "Grace5",
                  "offset": 35
                },
                {
                  "val": "10",
                  "offset": 48
                },
                {
                  "val": "10",
                  "offset": 58
                },
                {
                  "val": "2000",
                  "offset": 67
                },
                {
                  "val": "08112233440011",
                  "offset": 79
                },
                {
                  "val": "ab12",
                  "offset": 101
                },
                {
                  "val": " HwXnxaZD17M\u003d",
                  "offset": 119
                }
              ],
              "location": "Register.I_verify_the_status_in_step(String,String,String,String,String,String,String,String)"
            },
            "keyword": "And ",
            "BDD_STEP_UUID": "7003c561-4c3c-42ee-8081-bb7513f0e33f"
          },
          {
            "result": {
              "duration": 2187641500,
              "status": "passed"
            },
            "line": 76,
            "name": "I click Register button",
            "match": {
              "location": "Register.I_click_register_button()"
            },
            "keyword": "And ",
            "BDD_STEP_UUID": "3f98ced8-67bf-42e2-84ab-a5958e67f869"
          },
          {
            "result": {
              "error_message": "com.kms.katalon.core.exception.StepFailedException: Call Test Case \u0027Test Cases/Common/Login - Verify error invalid email format\u0027 failed\n\tat com.kms.katalon.core.keyword.builtin.CallTestCaseKeyword$_callTestCase_closure1.doCall(CallTestCaseKeyword.groovy:63)\n\tat com.kms.katalon.core.keyword.builtin.CallTestCaseKeyword$_callTestCase_closure1.call(CallTestCaseKeyword.groovy)\n\tat com.kms.katalon.core.keyword.internal.KeywordMain.runKeyword(KeywordMain.groovy:74)\n\tat com.kms.katalon.core.keyword.builtin.CallTestCaseKeyword.callTestCase(CallTestCaseKeyword.groovy:81)\n\tat com.kms.katalon.core.keyword.builtin.CallTestCaseKeyword.execute(CallTestCaseKeyword.groovy:44)\n\tat com.kms.katalon.core.keyword.internal.KeywordExecutor.executeKeywordForPlatform(KeywordExecutor.groovy:74)\n\tat com.kms.katalon.core.keyword.BuiltinKeywords.callTestCase(BuiltinKeywords.groovy:334)\n\tat login.Error_masukan_email_yang_benar(login.groovy:73)\n\tat âœ½.I should see error \u0027masukan email yang benar!\u0027(/Users/meitridelfiza/git/yellowfit-web-automation/Include/features/Register.feature:77)\nCaused by: com.kms.katalon.core.exception.StepFailedException: Unable to verify text \u0027Failed\u0027 is present \n\tat com.kms.katalon.core.webui.keyword.internal.WebUIKeywordMain.stepFailed(WebUIKeywordMain.groovy:64)\n\tat com.kms.katalon.core.webui.keyword.internal.WebUIKeywordMain.runKeyword(WebUIKeywordMain.groovy:26)\n\tat com.kms.katalon.core.webui.keyword.builtin.VerifyTextPresentKeyword.verifyTextPresent(VerifyTextPresentKeyword.groovy:83)\n\tat com.kms.katalon.core.webui.keyword.builtin.VerifyTextPresentKeyword.execute(VerifyTextPresentKeyword.groovy:68)\n\tat com.kms.katalon.core.keyword.internal.KeywordExecutor.executeKeywordForPlatform(KeywordExecutor.groovy:74)\n\tat com.kms.katalon.core.webui.keyword.WebUiBuiltInKeywords.verifyTextPresent(WebUiBuiltInKeywords.groovy:1723)\n\tat com.kms.katalon.core.webui.keyword.WebUiBuiltInKeywords$verifyTextPresent$7.call(Unknown Source)\n\tat customKeyword.verifyErrorMessage(customKeyword.groovy:44)\n\tat customKeyword.invokeMethod(customKeyword.groovy)\n\tat com.kms.katalon.core.main.CustomKeywordDelegatingMetaClass.invokeStaticMethod(CustomKeywordDelegatingMetaClass.java:50)\n\tat Login - Verify error invalid email format.run(Login - Verify error invalid email format:21)\n\tat com.kms.katalon.core.main.ScriptEngine.run(ScriptEngine.java:194)\n\tat com.kms.katalon.core.main.ScriptEngine.runScriptAsRawText(ScriptEngine.java:119)\n\tat com.kms.katalon.core.main.TestCaseExecutor.runScript(TestCaseExecutor.java:442)\n\tat com.kms.katalon.core.main.TestCaseExecutor.doExecute(TestCaseExecutor.java:433)\n\tat com.kms.katalon.core.main.TestCaseExecutor.processExecutionPhase(TestCaseExecutor.java:412)\n\tat com.kms.katalon.core.main.TestCaseExecutor.accessMainPhase(TestCaseExecutor.java:404)\n\tat com.kms.katalon.core.main.TestCaseExecutor.execute(TestCaseExecutor.java:281)\n\tat com.kms.katalon.core.main.TestCaseMain.runTestCase(TestCaseMain.java:142)\n\tat com.kms.katalon.core.keyword.builtin.CallTestCaseKeyword$_callTestCase_closure1.doCall(CallTestCaseKeyword.groovy:59)\n\tat com.kms.katalon.core.keyword.builtin.CallTestCaseKeyword$_callTestCase_closure1.call(CallTestCaseKeyword.groovy)\n\tat com.kms.katalon.core.keyword.internal.KeywordMain.runKeyword(KeywordMain.groovy:74)\n\tat com.kms.katalon.core.keyword.builtin.CallTestCaseKeyword.callTestCase(CallTestCaseKeyword.groovy:81)\n\tat com.kms.katalon.core.keyword.builtin.CallTestCaseKeyword.execute(CallTestCaseKeyword.groovy:44)\n\tat com.kms.katalon.core.keyword.internal.KeywordExecutor.executeKeywordForPlatform(KeywordExecutor.groovy:74)\n\tat com.kms.katalon.core.keyword.BuiltinKeywords.callTestCase(BuiltinKeywords.groovy:334)\n\tat login.Error_masukan_email_yang_benar(login.groovy:73)\n\tat cucumber.runtime.Utils$1.call(Utils.java:26)\n\tat cucumber.runtime.Timeout.timeout(Timeout.java:16)\n\tat cucumber.runtime.Utils.invoke(Utils.java:20)\n\tat cucumber.runtime.java.JavaStepDefinition.execute(JavaStepDefinition.java:48)\n\tat cucumber.runtime.PickleStepDefinitionMatch.runStep(PickleStepDefinitionMatch.java:50)\n\tat cucumber.runner.TestStep.executeStep(TestStep.java:65)\n\tat cucumber.runner.TestStep.run(TestStep.java:47)\n\tat cucumber.runner.PickleStepTestStep.run(PickleStepTestStep.java:53)\n\tat cucumber.runner.TestCase.run(TestCase.java:47)\n\tat cucumber.runner.Runner.runPickle(Runner.java:44)\n\tat cucumber.runtime.Runtime.runFeature(Runtime.java:120)\n\tat cucumber.runtime.Runtime.run(Runtime.java:106)\n\tat cucumber.api.cli.Main.run(Main.java:35)\n\tat cucumber.api.cli.Main$run.call(Unknown Source)\n\tat com.kms.katalon.core.cucumber.keyword.CucumberBuiltinKeywords$_runFeatureFileWithTags_closure2.doCall(CucumberBuiltinKeywords.groovy:204)\n\tat com.kms.katalon.core.cucumber.keyword.CucumberBuiltinKeywords$_runFeatureFileWithTags_closure2.doCall(CucumberBuiltinKeywords.groovy)\n\tat com.kms.katalon.core.keyword.internal.KeywordMain.runKeyword(KeywordMain.groovy:74)\n\tat com.kms.katalon.core.keyword.internal.KeywordMain.runKeyword(KeywordMain.groovy:68)\n\tat com.kms.katalon.core.keyword.internal.KeywordMain$runKeyword.call(Unknown Source)\n\tat com.kms.katalon.core.cucumber.keyword.CucumberBuiltinKeywords.runFeatureFileWithTags(CucumberBuiltinKeywords.groovy:164)\n\tat com.kms.katalon.core.cucumber.keyword.CucumberBuiltinKeywords$runFeatureFileWithTags.callStatic(Unknown Source)\n\tat com.kms.katalon.core.cucumber.keyword.CucumberBuiltinKeywords.runFeatureFileWithTags(CucumberBuiltinKeywords.groovy:287)\n\tat Neg - Register with invalid email format.run(Neg - Register with invalid email format:3)\n\tat com.kms.katalon.core.main.ScriptEngine.run(ScriptEngine.java:194)\n\tat com.kms.katalon.core.main.ScriptEngine.runScriptAsRawText(ScriptEngine.java:119)\n\tat com.kms.katalon.core.main.TestCaseExecutor.runScript(TestCaseExecutor.java:442)\n\tat com.kms.katalon.core.main.TestCaseExecutor.doExecute(TestCaseExecutor.java:433)\n\tat com.kms.katalon.core.main.TestCaseExecutor.processExecutionPhase(TestCaseExecutor.java:412)\n\tat com.kms.katalon.core.main.TestCaseExecutor.accessMainPhase(TestCaseExecutor.java:404)\n\tat com.kms.katalon.core.main.TestCaseExecutor.execute(TestCaseExecutor.java:281)\n\tat com.kms.katalon.core.main.TestSuiteExecutor.accessTestCaseMainPhase(TestSuiteExecutor.java:202)\n\tat com.kms.katalon.core.main.TestSuiteExecutor.accessTestSuiteMainPhase(TestSuiteExecutor.java:164)\n\tat com.kms.katalon.core.main.TestSuiteExecutor.execute(TestSuiteExecutor.java:105)\n\tat com.kms.katalon.core.main.TestCaseMain.startTestSuite(TestCaseMain.java:185)\n\tat com.kms.katalon.core.main.TestCaseMain$startTestSuite$0.call(Unknown Source)\n\tat TempTestSuite1653451697704.run(TempTestSuite1653451697704.groovy:36)\nCaused by: com.kms.katalon.core.exception.StepFailedException: Text \u0027Failed\u0027 is not present on page \n\tat com.kms.katalon.core.webui.keyword.internal.WebUIKeywordMain.stepFailed(WebUIKeywordMain.groovy:64)\n\tat com.kms.katalon.core.webui.keyword.builtin.VerifyTextPresentKeyword$_verifyTextPresent_closure1.doCall(VerifyTextPresentKeyword.groovy:79)\n\tat com.kms.katalon.core.webui.keyword.builtin.VerifyTextPresentKeyword$_verifyTextPresent_closure1.call(VerifyTextPresentKeyword.groovy)\n\tat com.kms.katalon.core.webui.keyword.internal.WebUIKeywordMain.runKeyword(WebUIKeywordMain.groovy:20)\n\t... 61 more\n",
              "duration": 6188733000,
              "status": "failed"
            },
            "line": 77,
            "name": "I should see error \u0027masukan email yang benar!\u0027",
            "match": {
              "location": "login.Error_masukan_email_yang_benar()"
            },
            "keyword": "Then ",
            "BDD_STEP_UUID": "ffad32fc-ab7d-4c2a-80b2-41ba28546d1f"
          }
        ],
        "tags": [
          {
            "name": "@Register"
          },
          {
            "name": "@Invalid_email_format"
          }
        ]
      }
    ],
    "name": "Register feature",
    "description": "  I want to register to YellowFit application",
    "id": "register-feature",
    "keyword": "Feature",
    "uri": "/Users/meitridelfiza/git/yellowfit-web-automation/Include/features/Register.feature",
    "tags": [
      {
        "name": "@Register",
        "type": "Tag",
        "location": {
          "line": 1,
          "column": 1
        }
      }
    ]
  }
]